:clean
:compileJava[parsing started RegularFileObject[/home/fitialovks/javac-annprocessor-bug/src/main/java/ru/yandex/javacannprocessorbug/SomeLoggerPatternConverter.java]]
[parsing completed 18ms]
[parsing started RegularFileObject[/home/fitialovks/javac-annprocessor-bug/src/main/java/ru/yandex/javacannprocessorbug/SomeBenchmark.java]]
[parsing completed 1ms]
[search path for source files: /home/fitialovks/javac-annprocessor-bug/build/tmp/compileJava/emptySourcePathRef]
[search path for class files: /usr/local/jdk1.8.0_92/jre/lib/resources.jar,/usr/local/jdk1.8.0_92/jre/lib/rt.jar,/usr/local/jdk1.8.0_92/jre/lib/sunrsasign.jar,/usr/local/jdk1.8.0_92/jre/lib/jsse.jar,/usr/local/jdk1.8.0_92/jre/lib/jce.jar,/usr/local/jdk1.8.0_92/jre/lib/charsets.jar,/usr/local/jdk1.8.0_92/jre/lib/jfr.jar,/usr/local/jdk1.8.0_92/jre/classes,/usr/local/jdk1.8.0_92/jre/lib/ext/sunjce_provider.jar,/usr/local/jdk1.8.0_92/jre/lib/ext/localedata.jar,/usr/local/jdk1.8.0_92/jre/lib/ext/jaccess.jar,/usr/local/jdk1.8.0_92/jre/lib/ext/zipfs.jar,/usr/local/jdk1.8.0_92/jre/lib/ext/jfxrt.jar,/usr/local/jdk1.8.0_92/jre/lib/ext/nashorn.jar,/usr/local/jdk1.8.0_92/jre/lib/ext/sunpkcs11.jar,/usr/local/jdk1.8.0_92/jre/lib/ext/dnsns.jar,/usr/local/jdk1.8.0_92/jre/lib/ext/cldrdata.jar,/usr/local/jdk1.8.0_92/jre/lib/ext/sunec.jar,/home/fitialovks/.gradle/caches/modules-2/files-2.1/org.openjdk.jmh/jmh-core/1.12/e7e24af928cb359d788350f514a04d881d06037a/jmh-core-1.12.jar,/home/fitialovks/.gradle/caches/modules-2/files-2.1/org.openjdk.jmh/jmh-generator-annprocess/1.12/9ad5888fdd36dd4b12bce5883069d9d82562ab6c/jmh-generator-annprocess-1.12.jar,/home/fitialovks/.gradle/caches/modules-2/files-2.1/org.apache.logging.log4j/log4j-core/2.6.1/2b557bf1023c3a3a0f7f200fafcd7641b89cbb83/log4j-core-2.6.1.jar,/home/fitialovks/.gradle/caches/modules-2/files-2.1/net.sf.jopt-simple/jopt-simple/4.6/306816fb57cf94f108a43c95731b08934dcae15c/jopt-simple-4.6.jar,/home/fitialovks/.gradle/caches/modules-2/files-2.1/org.apache.commons/commons-math3/3.2/ec2544ab27e110d2d431bdad7d538ed509b21e62/commons-math3-3.2.jar,/home/fitialovks/.gradle/caches/modules-2/files-2.1/org.apache.logging.log4j/log4j-api/2.6.1/d2ad7ee0b0450204d720b4bc3f99b50e208bf51e/log4j-api-2.6.1.jar]
[loading ZipFileIndexFileObject[/home/fitialovks/.gradle/caches/modules-2/files-2.1/org.apache.logging.log4j/log4j-core/2.6.1/2b557bf1023c3a3a0f7f200fafcd7641b89cbb83/log4j-core-2.6.1.jar(org/apache/logging/log4j/core/LogEvent.class)]]
[loading ZipFileIndexFileObject[/home/fitialovks/.gradle/caches/modules-2/files-2.1/org.apache.logging.log4j/log4j-core/2.6.1/2b557bf1023c3a3a0f7f200fafcd7641b89cbb83/log4j-core-2.6.1.jar(org/apache/logging/log4j/core/config/plugins/Plugin.class)]]
[loading ZipFileIndexFileObject[/home/fitialovks/.gradle/caches/modules-2/files-2.1/org.apache.logging.log4j/log4j-core/2.6.1/2b557bf1023c3a3a0f7f200fafcd7641b89cbb83/log4j-core-2.6.1.jar(org/apache/logging/log4j/core/pattern/ConverterKeys.class)]]
[loading ZipFileIndexFileObject[/home/fitialovks/.gradle/caches/modules-2/files-2.1/org.apache.logging.log4j/log4j-core/2.6.1/2b557bf1023c3a3a0f7f200fafcd7641b89cbb83/log4j-core-2.6.1.jar(org/apache/logging/log4j/core/pattern/LogEventPatternConverter.class)]]
[loading ZipFileIndexFileObject[/home/fitialovks/.gradle/caches/modules-2/files-2.1/org.apache.logging.log4j/log4j-core/2.6.1/2b557bf1023c3a3a0f7f200fafcd7641b89cbb83/log4j-core-2.6.1.jar(org/apache/logging/log4j/core/pattern/PatternConverter.class)]]
[loading ZipFileIndexFileObject[/home/fitialovks/.gradle/caches/modules-2/files-2.1/org.apache.logging.log4j/log4j-core/2.6.1/2b557bf1023c3a3a0f7f200fafcd7641b89cbb83/log4j-core-2.6.1.jar(org/apache/logging/log4j/core/pattern/AbstractPatternConverter.class)]]
[loading ZipFileIndexFileObject[/usr/local/jdk1.8.0_92/lib/ct.sym(META-INF/sym/rt.jar/java/lang/Object.class)]]
[loading ZipFileIndexFileObject[/usr/local/jdk1.8.0_92/lib/ct.sym(META-INF/sym/rt.jar/java/lang/String.class)]]
[loading ZipFileIndexFileObject[/usr/local/jdk1.8.0_92/lib/ct.sym(META-INF/sym/rt.jar/java/lang/StringBuilder.class)]]
[loading ZipFileIndexFileObject[/home/fitialovks/.gradle/caches/modules-2/files-2.1/org.openjdk.jmh/jmh-core/1.12/e7e24af928cb359d788350f514a04d881d06037a/jmh-core-1.12.jar(org/openjdk/jmh/annotations/Benchmark.class)]]
[loading ZipFileIndexFileObject[/home/fitialovks/.gradle/caches/modules-2/files-2.1/org.openjdk.jmh/jmh-core/1.12/e7e24af928cb359d788350f514a04d881d06037a/jmh-core-1.12.jar(org/openjdk/jmh/infra/Blackhole.class)]]
[loading ZipFileIndexFileObject[/usr/local/jdk1.8.0_92/lib/ct.sym(META-INF/sym/rt.jar/java/lang/annotation/Retention.class)]]
[loading ZipFileIndexFileObject[/usr/local/jdk1.8.0_92/lib/ct.sym(META-INF/sym/rt.jar/java/lang/annotation/RetentionPolicy.class)]]
[loading ZipFileIndexFileObject[/usr/local/jdk1.8.0_92/lib/ct.sym(META-INF/sym/rt.jar/java/lang/annotation/Target.class)]]
[loading ZipFileIndexFileObject[/usr/local/jdk1.8.0_92/lib/ct.sym(META-INF/sym/rt.jar/java/lang/annotation/ElementType.class)]]
[loading ZipFileIndexFileObject[/usr/local/jdk1.8.0_92/lib/ct.sym(META-INF/sym/rt.jar/java/lang/annotation/Annotation.class)]]
[loading ZipFileIndexFileObject[/usr/local/jdk1.8.0_92/lib/ct.sym(META-INF/sym/rt.jar/java/lang/Override.class)]]
[loading ZipFileIndexFileObject[/home/fitialovks/.gradle/caches/modules-2/files-2.1/org.openjdk.jmh/jmh-core/1.12/e7e24af928cb359d788350f514a04d881d06037a/jmh-core-1.12.jar(org/openjdk/jmh/annotations/State.class)]]
[loading ZipFileIndexFileObject[/home/fitialovks/.gradle/caches/modules-2/files-2.1/org.openjdk.jmh/jmh-core/1.12/e7e24af928cb359d788350f514a04d881d06037a/jmh-core-1.12.jar(org/openjdk/jmh/annotations/Scope.class)]]
[loading ZipFileIndexFileObject[/home/fitialovks/.gradle/caches/modules-2/files-2.1/org.openjdk.jmh/jmh-core/1.12/e7e24af928cb359d788350f514a04d881d06037a/jmh-core-1.12.jar(org/openjdk/jmh/annotations/Setup.class)]]
[loading ZipFileIndexFileObject[/home/fitialovks/.gradle/caches/modules-2/files-2.1/org.openjdk.jmh/jmh-core/1.12/e7e24af928cb359d788350f514a04d881d06037a/jmh-core-1.12.jar(org/openjdk/jmh/annotations/Level.class)]]
[loading ZipFileIndexFileObject[/home/fitialovks/.gradle/caches/modules-2/files-2.1/org.openjdk.jmh/jmh-core/1.12/e7e24af928cb359d788350f514a04d881d06037a/jmh-core-1.12.jar(org/openjdk/jmh/annotations/TearDown.class)]]
Round 1:
	input files: {ru.yandex.javacannprocessorbug.SomeLoggerPatternConverter, ru.yandex.javacannprocessorbug.SomeBenchmark}
	annotations: [org.apache.logging.log4j.core.config.plugins.Plugin, org.apache.logging.log4j.core.pattern.ConverterKeys, java.lang.Override, org.openjdk.jmh.annotations.Benchmark]
	last round: false
Processor org.apache.logging.log4j.core.config.plugins.processor.PluginProcessor matches [org.apache.logging.log4j.core.config.plugins.Plugin] and returns true.
[loading ZipFileIndexFileObject[/home/fitialovks/.gradle/caches/modules-2/files-2.1/org.openjdk.jmh/jmh-core/1.12/e7e24af928cb359d788350f514a04d881d06037a/jmh-core-1.12.jar(org/openjdk/jmh/infra/BlackholeL4.class)]]
[loading ZipFileIndexFileObject[/home/fitialovks/.gradle/caches/modules-2/files-2.1/org.openjdk.jmh/jmh-core/1.12/e7e24af928cb359d788350f514a04d881d06037a/jmh-core-1.12.jar(org/openjdk/jmh/infra/BlackholeL3.class)]]
[loading ZipFileIndexFileObject[/home/fitialovks/.gradle/caches/modules-2/files-2.1/org.openjdk.jmh/jmh-core/1.12/e7e24af928cb359d788350f514a04d881d06037a/jmh-core-1.12.jar(org/openjdk/jmh/infra/BlackholeL2.class)]]
[loading ZipFileIndexFileObject[/home/fitialovks/.gradle/caches/modules-2/files-2.1/org.openjdk.jmh/jmh-core/1.12/e7e24af928cb359d788350f514a04d881d06037a/jmh-core-1.12.jar(org/openjdk/jmh/infra/BlackholeL1.class)]]
[loading ZipFileIndexFileObject[/home/fitialovks/.gradle/caches/modules-2/files-2.1/org.openjdk.jmh/jmh-core/1.12/e7e24af928cb359d788350f514a04d881d06037a/jmh-core-1.12.jar(org/openjdk/jmh/infra/BlackholeL0.class)]]
Processor org.openjdk.jmh.generators.BenchmarkProcessor matches [java.lang.Override, org.apache.logging.log4j.core.pattern.ConverterKeys, org.openjdk.jmh.annotations.Benchmark] and returns true.
[parsing started RegularFileObject[/home/fitialovks/javac-annprocessor-bug/build/classes/main/org/openjdk/jmh/infra/generated/Blackhole_jmhType_B1.java]]
[parsing completed 3ms]
[parsing started RegularFileObject[/home/fitialovks/javac-annprocessor-bug/build/classes/main/org/openjdk/jmh/infra/generated/Blackhole_jmhType_B2.java]]
[parsing completed 2ms]
[parsing started RegularFileObject[/home/fitialovks/javac-annprocessor-bug/build/classes/main/org/openjdk/jmh/infra/generated/Blackhole_jmhType_B3.java]]
[parsing completed 3ms]
[parsing started RegularFileObject[/home/fitialovks/javac-annprocessor-bug/build/classes/main/org/openjdk/jmh/infra/generated/Blackhole_jmhType.java]]
[parsing completed 0ms]
[parsing started RegularFileObject[/home/fitialovks/javac-annprocessor-bug/build/classes/main/ru/yandex/javacannprocessorbug/generated/SomeBenchmark_jmhType_B1.java]]
[parsing completed 3ms]
[parsing started RegularFileObject[/home/fitialovks/javac-annprocessor-bug/build/classes/main/ru/yandex/javacannprocessorbug/generated/SomeBenchmark_jmhType_B2.java]]
[parsing completed 1ms]
[parsing started RegularFileObject[/home/fitialovks/javac-annprocessor-bug/build/classes/main/ru/yandex/javacannprocessorbug/generated/SomeBenchmark_jmhType_B3.java]]
[parsing completed 2ms]
[parsing started RegularFileObject[/home/fitialovks/javac-annprocessor-bug/build/classes/main/ru/yandex/javacannprocessorbug/generated/SomeBenchmark_jmhType.java]]
[parsing completed 0ms]
[parsing started RegularFileObject[/home/fitialovks/javac-annprocessor-bug/build/classes/main/ru/yandex/javacannprocessorbug/generated/SomeBenchmark_sqrt_jmhTest.java]]
[parsing completed 14ms]
[search path for source files: /home/fitialovks/javac-annprocessor-bug/build/tmp/compileJava/emptySourcePathRef]
[search path for class files: /usr/local/jdk1.8.0_92/jre/lib/resources.jar,/usr/local/jdk1.8.0_92/jre/lib/rt.jar,/usr/local/jdk1.8.0_92/jre/lib/sunrsasign.jar,/usr/local/jdk1.8.0_92/jre/lib/jsse.jar,/usr/local/jdk1.8.0_92/jre/lib/jce.jar,/usr/local/jdk1.8.0_92/jre/lib/charsets.jar,/usr/local/jdk1.8.0_92/jre/lib/jfr.jar,/usr/local/jdk1.8.0_92/jre/classes,/usr/local/jdk1.8.0_92/jre/lib/ext/sunjce_provider.jar,/usr/local/jdk1.8.0_92/jre/lib/ext/localedata.jar,/usr/local/jdk1.8.0_92/jre/lib/ext/jaccess.jar,/usr/local/jdk1.8.0_92/jre/lib/ext/zipfs.jar,/usr/local/jdk1.8.0_92/jre/lib/ext/jfxrt.jar,/usr/local/jdk1.8.0_92/jre/lib/ext/nashorn.jar,/usr/local/jdk1.8.0_92/jre/lib/ext/sunpkcs11.jar,/usr/local/jdk1.8.0_92/jre/lib/ext/dnsns.jar,/usr/local/jdk1.8.0_92/jre/lib/ext/cldrdata.jar,/usr/local/jdk1.8.0_92/jre/lib/ext/sunec.jar,/home/fitialovks/.gradle/caches/modules-2/files-2.1/org.openjdk.jmh/jmh-core/1.12/e7e24af928cb359d788350f514a04d881d06037a/jmh-core-1.12.jar,/home/fitialovks/.gradle/caches/modules-2/files-2.1/org.openjdk.jmh/jmh-generator-annprocess/1.12/9ad5888fdd36dd4b12bce5883069d9d82562ab6c/jmh-generator-annprocess-1.12.jar,/home/fitialovks/.gradle/caches/modules-2/files-2.1/org.apache.logging.log4j/log4j-core/2.6.1/2b557bf1023c3a3a0f7f200fafcd7641b89cbb83/log4j-core-2.6.1.jar,/home/fitialovks/.gradle/caches/modules-2/files-2.1/net.sf.jopt-simple/jopt-simple/4.6/306816fb57cf94f108a43c95731b08934dcae15c/jopt-simple-4.6.jar,/home/fitialovks/.gradle/caches/modules-2/files-2.1/org.apache.commons/commons-math3/3.2/ec2544ab27e110d2d431bdad7d538ed509b21e62/commons-math3-3.2.jar,/home/fitialovks/.gradle/caches/modules-2/files-2.1/org.apache.logging.log4j/log4j-api/2.6.1/d2ad7ee0b0450204d720b4bc3f99b50e208bf51e/log4j-api-2.6.1.jar]
[loading ZipFileIndexFileObject[/home/fitialovks/.gradle/caches/modules-2/files-2.1/org.apache.logging.log4j/log4j-core/2.6.1/2b557bf1023c3a3a0f7f200fafcd7641b89cbb83/log4j-core-2.6.1.jar(org/apache/logging/log4j/core/LogEvent.class)]]
[loading ZipFileIndexFileObject[/home/fitialovks/.gradle/caches/modules-2/files-2.1/org.apache.logging.log4j/log4j-core/2.6.1/2b557bf1023c3a3a0f7f200fafcd7641b89cbb83/log4j-core-2.6.1.jar(org/apache/logging/log4j/core/config/plugins/Plugin.class)]]
[loading ZipFileIndexFileObject[/home/fitialovks/.gradle/caches/modules-2/files-2.1/org.apache.logging.log4j/log4j-core/2.6.1/2b557bf1023c3a3a0f7f200fafcd7641b89cbb83/log4j-core-2.6.1.jar(org/apache/logging/log4j/core/pattern/ConverterKeys.class)]]
[loading ZipFileIndexFileObject[/home/fitialovks/.gradle/caches/modules-2/files-2.1/org.apache.logging.log4j/log4j-core/2.6.1/2b557bf1023c3a3a0f7f200fafcd7641b89cbb83/log4j-core-2.6.1.jar(org/apache/logging/log4j/core/pattern/LogEventPatternConverter.class)]]
[loading ZipFileIndexFileObject[/home/fitialovks/.gradle/caches/modules-2/files-2.1/org.apache.logging.log4j/log4j-core/2.6.1/2b557bf1023c3a3a0f7f200fafcd7641b89cbb83/log4j-core-2.6.1.jar(org/apache/logging/log4j/core/pattern/PatternConverter.class)]]
[loading ZipFileIndexFileObject[/home/fitialovks/.gradle/caches/modules-2/files-2.1/org.apache.logging.log4j/log4j-core/2.6.1/2b557bf1023c3a3a0f7f200fafcd7641b89cbb83/log4j-core-2.6.1.jar(org/apache/logging/log4j/core/pattern/AbstractPatternConverter.class)]]
[loading ZipFileIndexFileObject[/usr/local/jdk1.8.0_92/lib/ct.sym(META-INF/sym/rt.jar/java/lang/Object.class)]]
[loading ZipFileIndexFileObject[/usr/local/jdk1.8.0_92/lib/ct.sym(META-INF/sym/rt.jar/java/lang/String.class)]]
[loading ZipFileIndexFileObject[/usr/local/jdk1.8.0_92/lib/ct.sym(META-INF/sym/rt.jar/java/lang/StringBuilder.class)]]
[loading ZipFileIndexFileObject[/home/fitialovks/.gradle/caches/modules-2/files-2.1/org.openjdk.jmh/jmh-core/1.12/e7e24af928cb359d788350f514a04d881d06037a/jmh-core-1.12.jar(org/openjdk/jmh/annotations/Benchmark.class)]]
[loading ZipFileIndexFileObject[/home/fitialovks/.gradle/caches/modules-2/files-2.1/org.openjdk.jmh/jmh-core/1.12/e7e24af928cb359d788350f514a04d881d06037a/jmh-core-1.12.jar(org/openjdk/jmh/infra/Blackhole.class)]]
[loading ZipFileIndexFileObject[/home/fitialovks/.gradle/caches/modules-2/files-2.1/org.openjdk.jmh/jmh-core/1.12/e7e24af928cb359d788350f514a04d881d06037a/jmh-core-1.12.jar(org/openjdk/jmh/infra/BlackholeL4.class)]]
[loading ZipFileIndexFileObject[/home/fitialovks/.gradle/caches/modules-2/files-2.1/org.openjdk.jmh/jmh-core/1.12/e7e24af928cb359d788350f514a04d881d06037a/jmh-core-1.12.jar(org/openjdk/jmh/infra/BlackholeL3.class)]]
[loading ZipFileIndexFileObject[/home/fitialovks/.gradle/caches/modules-2/files-2.1/org.openjdk.jmh/jmh-core/1.12/e7e24af928cb359d788350f514a04d881d06037a/jmh-core-1.12.jar(org/openjdk/jmh/infra/BlackholeL2.class)]]
[loading ZipFileIndexFileObject[/home/fitialovks/.gradle/caches/modules-2/files-2.1/org.openjdk.jmh/jmh-core/1.12/e7e24af928cb359d788350f514a04d881d06037a/jmh-core-1.12.jar(org/openjdk/jmh/infra/BlackholeL1.class)]]
[loading ZipFileIndexFileObject[/home/fitialovks/.gradle/caches/modules-2/files-2.1/org.openjdk.jmh/jmh-core/1.12/e7e24af928cb359d788350f514a04d881d06037a/jmh-core-1.12.jar(org/openjdk/jmh/infra/BlackholeL0.class)]]
[loading ZipFileIndexFileObject[/usr/local/jdk1.8.0_92/lib/ct.sym(META-INF/sym/rt.jar/java/util/concurrent/atomic/AtomicIntegerFieldUpdater.class)]]
[loading ZipFileIndexFileObject[/usr/local/jdk1.8.0_92/lib/ct.sym(META-INF/sym/rt.jar/java/util/List.class)]]
[loading ZipFileIndexFileObject[/usr/local/jdk1.8.0_92/lib/ct.sym(META-INF/sym/rt.jar/java/util/concurrent/atomic/AtomicInteger.class)]]
[loading ZipFileIndexFileObject[/usr/local/jdk1.8.0_92/lib/ct.sym(META-INF/sym/rt.jar/java/util/Collection.class)]]
[loading ZipFileIndexFileObject[/usr/local/jdk1.8.0_92/lib/ct.sym(META-INF/sym/rt.jar/java/util/ArrayList.class)]]
[loading ZipFileIndexFileObject[/usr/local/jdk1.8.0_92/lib/ct.sym(META-INF/sym/rt.jar/java/util/concurrent/TimeUnit.class)]]
[loading ZipFileIndexFileObject[/home/fitialovks/.gradle/caches/modules-2/files-2.1/org.openjdk.jmh/jmh-core/1.12/e7e24af928cb359d788350f514a04d881d06037a/jmh-core-1.12.jar(org/openjdk/jmh/annotations/CompilerControl.class)]]
[loading ZipFileIndexFileObject[/home/fitialovks/.gradle/caches/modules-2/files-2.1/org.openjdk.jmh/jmh-core/1.12/e7e24af928cb359d788350f514a04d881d06037a/jmh-core-1.12.jar(org/openjdk/jmh/runner/InfraControl.class)]]
[loading ZipFileIndexFileObject[/home/fitialovks/.gradle/caches/modules-2/files-2.1/org.openjdk.jmh/jmh-core/1.12/e7e24af928cb359d788350f514a04d881d06037a/jmh-core-1.12.jar(org/openjdk/jmh/infra/ThreadParams.class)]]
[loading ZipFileIndexFileObject[/home/fitialovks/.gradle/caches/modules-2/files-2.1/org.openjdk.jmh/jmh-core/1.12/e7e24af928cb359d788350f514a04d881d06037a/jmh-core-1.12.jar(org/openjdk/jmh/results/BenchmarkTaskResult.class)]]
[loading ZipFileIndexFileObject[/home/fitialovks/.gradle/caches/modules-2/files-2.1/org.openjdk.jmh/jmh-core/1.12/e7e24af928cb359d788350f514a04d881d06037a/jmh-core-1.12.jar(org/openjdk/jmh/results/Result.class)]]
[loading ZipFileIndexFileObject[/home/fitialovks/.gradle/caches/modules-2/files-2.1/org.openjdk.jmh/jmh-core/1.12/e7e24af928cb359d788350f514a04d881d06037a/jmh-core-1.12.jar(org/openjdk/jmh/results/ThroughputResult.class)]]
[loading ZipFileIndexFileObject[/home/fitialovks/.gradle/caches/modules-2/files-2.1/org.openjdk.jmh/jmh-core/1.12/e7e24af928cb359d788350f514a04d881d06037a/jmh-core-1.12.jar(org/openjdk/jmh/results/AverageTimeResult.class)]]
[loading ZipFileIndexFileObject[/home/fitialovks/.gradle/caches/modules-2/files-2.1/org.openjdk.jmh/jmh-core/1.12/e7e24af928cb359d788350f514a04d881d06037a/jmh-core-1.12.jar(org/openjdk/jmh/results/SampleTimeResult.class)]]
[loading ZipFileIndexFileObject[/home/fitialovks/.gradle/caches/modules-2/files-2.1/org.openjdk.jmh/jmh-core/1.12/e7e24af928cb359d788350f514a04d881d06037a/jmh-core-1.12.jar(org/openjdk/jmh/results/SingleShotResult.class)]]
[loading ZipFileIndexFileObject[/home/fitialovks/.gradle/caches/modules-2/files-2.1/org.openjdk.jmh/jmh-core/1.12/e7e24af928cb359d788350f514a04d881d06037a/jmh-core-1.12.jar(org/openjdk/jmh/util/SampleBuffer.class)]]
[loading ZipFileIndexFileObject[/home/fitialovks/.gradle/caches/modules-2/files-2.1/org.openjdk.jmh/jmh-core/1.12/e7e24af928cb359d788350f514a04d881d06037a/jmh-core-1.12.jar(org/openjdk/jmh/annotations/Mode.class)]]
[loading ZipFileIndexFileObject[/home/fitialovks/.gradle/caches/modules-2/files-2.1/org.openjdk.jmh/jmh-core/1.12/e7e24af928cb359d788350f514a04d881d06037a/jmh-core-1.12.jar(org/openjdk/jmh/annotations/Fork.class)]]
[loading ZipFileIndexFileObject[/home/fitialovks/.gradle/caches/modules-2/files-2.1/org.openjdk.jmh/jmh-core/1.12/e7e24af928cb359d788350f514a04d881d06037a/jmh-core-1.12.jar(org/openjdk/jmh/annotations/Measurement.class)]]
[loading ZipFileIndexFileObject[/home/fitialovks/.gradle/caches/modules-2/files-2.1/org.openjdk.jmh/jmh-core/1.12/e7e24af928cb359d788350f514a04d881d06037a/jmh-core-1.12.jar(org/openjdk/jmh/annotations/Threads.class)]]
[loading ZipFileIndexFileObject[/home/fitialovks/.gradle/caches/modules-2/files-2.1/org.openjdk.jmh/jmh-core/1.12/e7e24af928cb359d788350f514a04d881d06037a/jmh-core-1.12.jar(org/openjdk/jmh/annotations/Warmup.class)]]
[loading ZipFileIndexFileObject[/home/fitialovks/.gradle/caches/modules-2/files-2.1/org.openjdk.jmh/jmh-core/1.12/e7e24af928cb359d788350f514a04d881d06037a/jmh-core-1.12.jar(org/openjdk/jmh/annotations/BenchmarkMode.class)]]
[loading ZipFileIndexFileObject[/home/fitialovks/.gradle/caches/modules-2/files-2.1/org.openjdk.jmh/jmh-core/1.12/e7e24af928cb359d788350f514a04d881d06037a/jmh-core-1.12.jar(org/openjdk/jmh/results/RawResults.class)]]
[loading ZipFileIndexFileObject[/home/fitialovks/.gradle/caches/modules-2/files-2.1/org.openjdk.jmh/jmh-core/1.12/e7e24af928cb359d788350f514a04d881d06037a/jmh-core-1.12.jar(org/openjdk/jmh/results/ResultRole.class)]]
[loading ZipFileIndexFileObject[/usr/local/jdk1.8.0_92/lib/ct.sym(META-INF/sym/rt.jar/java/lang/reflect/Field.class)]]
[loading ZipFileIndexFileObject[/home/fitialovks/.gradle/caches/modules-2/files-2.1/org.openjdk.jmh/jmh-core/1.12/e7e24af928cb359d788350f514a04d881d06037a/jmh-core-1.12.jar(org/openjdk/jmh/infra/BenchmarkParams.class)]]
[loading ZipFileIndexFileObject[/home/fitialovks/.gradle/caches/modules-2/files-2.1/org.openjdk.jmh/jmh-core/1.12/e7e24af928cb359d788350f514a04d881d06037a/jmh-core-1.12.jar(org/openjdk/jmh/infra/IterationParams.class)]]
[loading ZipFileIndexFileObject[/usr/local/jdk1.8.0_92/lib/ct.sym(META-INF/sym/rt.jar/java/lang/Throwable.class)]]
[loading ZipFileIndexFileObject[/usr/local/jdk1.8.0_92/lib/ct.sym(META-INF/sym/rt.jar/java/lang/annotation/Retention.class)]]
[loading ZipFileIndexFileObject[/usr/local/jdk1.8.0_92/lib/ct.sym(META-INF/sym/rt.jar/java/lang/annotation/RetentionPolicy.class)]]
[loading ZipFileIndexFileObject[/usr/local/jdk1.8.0_92/lib/ct.sym(META-INF/sym/rt.jar/java/lang/annotation/Target.class)]]
[loading ZipFileIndexFileObject[/usr/local/jdk1.8.0_92/lib/ct.sym(META-INF/sym/rt.jar/java/lang/annotation/ElementType.class)]]
[loading ZipFileIndexFileObject[/usr/local/jdk1.8.0_92/lib/ct.sym(META-INF/sym/rt.jar/java/lang/annotation/Annotation.class)]]
[loading ZipFileIndexFileObject[/usr/local/jdk1.8.0_92/lib/ct.sym(META-INF/sym/rt.jar/java/lang/Override.class)]]
[loading ZipFileIndexFileObject[/home/fitialovks/.gradle/caches/modules-2/files-2.1/org.openjdk.jmh/jmh-core/1.12/e7e24af928cb359d788350f514a04d881d06037a/jmh-core-1.12.jar(org/openjdk/jmh/annotations/State.class)]]
[loading ZipFileIndexFileObject[/home/fitialovks/.gradle/caches/modules-2/files-2.1/org.openjdk.jmh/jmh-core/1.12/e7e24af928cb359d788350f514a04d881d06037a/jmh-core-1.12.jar(org/openjdk/jmh/annotations/Scope.class)]]
[loading ZipFileIndexFileObject[/home/fitialovks/.gradle/caches/modules-2/files-2.1/org.openjdk.jmh/jmh-core/1.12/e7e24af928cb359d788350f514a04d881d06037a/jmh-core-1.12.jar(org/openjdk/jmh/annotations/Setup.class)]]
[loading ZipFileIndexFileObject[/home/fitialovks/.gradle/caches/modules-2/files-2.1/org.openjdk.jmh/jmh-core/1.12/e7e24af928cb359d788350f514a04d881d06037a/jmh-core-1.12.jar(org/openjdk/jmh/annotations/Level.class)]]
[loading ZipFileIndexFileObject[/home/fitialovks/.gradle/caches/modules-2/files-2.1/org.openjdk.jmh/jmh-core/1.12/e7e24af928cb359d788350f514a04d881d06037a/jmh-core-1.12.jar(org/openjdk/jmh/annotations/TearDown.class)]]
Round 2:
	input files: {org.openjdk.jmh.infra.generated.Blackhole_jmhType_B1, org.openjdk.jmh.infra.generated.Blackhole_jmhType_B2, org.openjdk.jmh.infra.generated.Blackhole_jmhType_B3, org.openjdk.jmh.infra.generated.Blackhole_jmhType, ru.yandex.javacannprocessorbug.generated.SomeBenchmark_jmhType_B1, ru.yandex.javacannprocessorbug.generated.SomeBenchmark_jmhType_B2, ru.yandex.javacannprocessorbug.generated.SomeBenchmark_jmhType_B3, ru.yandex.javacannprocessorbug.generated.SomeBenchmark_jmhType, ru.yandex.javacannprocessorbug.generated.SomeBenchmark_sqrt_jmhTest}
	annotations: [org.openjdk.jmh.annotations.State]
	last round: false
Processor org.apache.logging.log4j.core.config.plugins.processor.PluginProcessor matches [] and returns false.
Processor org.openjdk.jmh.generators.BenchmarkProcessor matches [org.openjdk.jmh.annotations.State] and returns true.
[search path for source files: /home/fitialovks/javac-annprocessor-bug/build/tmp/compileJava/emptySourcePathRef]
[search path for class files: /usr/local/jdk1.8.0_92/jre/lib/resources.jar,/usr/local/jdk1.8.0_92/jre/lib/rt.jar,/usr/local/jdk1.8.0_92/jre/lib/sunrsasign.jar,/usr/local/jdk1.8.0_92/jre/lib/jsse.jar,/usr/local/jdk1.8.0_92/jre/lib/jce.jar,/usr/local/jdk1.8.0_92/jre/lib/charsets.jar,/usr/local/jdk1.8.0_92/jre/lib/jfr.jar,/usr/local/jdk1.8.0_92/jre/classes,/usr/local/jdk1.8.0_92/jre/lib/ext/sunjce_provider.jar,/usr/local/jdk1.8.0_92/jre/lib/ext/localedata.jar,/usr/local/jdk1.8.0_92/jre/lib/ext/jaccess.jar,/usr/local/jdk1.8.0_92/jre/lib/ext/zipfs.jar,/usr/local/jdk1.8.0_92/jre/lib/ext/jfxrt.jar,/usr/local/jdk1.8.0_92/jre/lib/ext/nashorn.jar,/usr/local/jdk1.8.0_92/jre/lib/ext/sunpkcs11.jar,/usr/local/jdk1.8.0_92/jre/lib/ext/dnsns.jar,/usr/local/jdk1.8.0_92/jre/lib/ext/cldrdata.jar,/usr/local/jdk1.8.0_92/jre/lib/ext/sunec.jar,/home/fitialovks/.gradle/caches/modules-2/files-2.1/org.openjdk.jmh/jmh-core/1.12/e7e24af928cb359d788350f514a04d881d06037a/jmh-core-1.12.jar,/home/fitialovks/.gradle/caches/modules-2/files-2.1/org.openjdk.jmh/jmh-generator-annprocess/1.12/9ad5888fdd36dd4b12bce5883069d9d82562ab6c/jmh-generator-annprocess-1.12.jar,/home/fitialovks/.gradle/caches/modules-2/files-2.1/org.apache.logging.log4j/log4j-core/2.6.1/2b557bf1023c3a3a0f7f200fafcd7641b89cbb83/log4j-core-2.6.1.jar,/home/fitialovks/.gradle/caches/modules-2/files-2.1/net.sf.jopt-simple/jopt-simple/4.6/306816fb57cf94f108a43c95731b08934dcae15c/jopt-simple-4.6.jar,/home/fitialovks/.gradle/caches/modules-2/files-2.1/org.apache.commons/commons-math3/3.2/ec2544ab27e110d2d431bdad7d538ed509b21e62/commons-math3-3.2.jar,/home/fitialovks/.gradle/caches/modules-2/files-2.1/org.apache.logging.log4j/log4j-api/2.6.1/d2ad7ee0b0450204d720b4bc3f99b50e208bf51e/log4j-api-2.6.1.jar]
[loading ZipFileIndexFileObject[/home/fitialovks/.gradle/caches/modules-2/files-2.1/org.apache.logging.log4j/log4j-core/2.6.1/2b557bf1023c3a3a0f7f200fafcd7641b89cbb83/log4j-core-2.6.1.jar(org/apache/logging/log4j/core/LogEvent.class)]]
[loading ZipFileIndexFileObject[/home/fitialovks/.gradle/caches/modules-2/files-2.1/org.apache.logging.log4j/log4j-core/2.6.1/2b557bf1023c3a3a0f7f200fafcd7641b89cbb83/log4j-core-2.6.1.jar(org/apache/logging/log4j/core/config/plugins/Plugin.class)]]
[loading ZipFileIndexFileObject[/home/fitialovks/.gradle/caches/modules-2/files-2.1/org.apache.logging.log4j/log4j-core/2.6.1/2b557bf1023c3a3a0f7f200fafcd7641b89cbb83/log4j-core-2.6.1.jar(org/apache/logging/log4j/core/pattern/ConverterKeys.class)]]
[loading ZipFileIndexFileObject[/home/fitialovks/.gradle/caches/modules-2/files-2.1/org.apache.logging.log4j/log4j-core/2.6.1/2b557bf1023c3a3a0f7f200fafcd7641b89cbb83/log4j-core-2.6.1.jar(org/apache/logging/log4j/core/pattern/LogEventPatternConverter.class)]]
[loading ZipFileIndexFileObject[/home/fitialovks/.gradle/caches/modules-2/files-2.1/org.apache.logging.log4j/log4j-core/2.6.1/2b557bf1023c3a3a0f7f200fafcd7641b89cbb83/log4j-core-2.6.1.jar(org/apache/logging/log4j/core/pattern/PatternConverter.class)]]
[loading ZipFileIndexFileObject[/home/fitialovks/.gradle/caches/modules-2/files-2.1/org.apache.logging.log4j/log4j-core/2.6.1/2b557bf1023c3a3a0f7f200fafcd7641b89cbb83/log4j-core-2.6.1.jar(org/apache/logging/log4j/core/pattern/AbstractPatternConverter.class)]]
[loading ZipFileIndexFileObject[/usr/local/jdk1.8.0_92/lib/ct.sym(META-INF/sym/rt.jar/java/lang/Object.class)]]
[loading ZipFileIndexFileObject[/usr/local/jdk1.8.0_92/lib/ct.sym(META-INF/sym/rt.jar/java/lang/String.class)]]
[loading ZipFileIndexFileObject[/usr/local/jdk1.8.0_92/lib/ct.sym(META-INF/sym/rt.jar/java/lang/StringBuilder.class)]]
[loading ZipFileIndexFileObject[/home/fitialovks/.gradle/caches/modules-2/files-2.1/org.openjdk.jmh/jmh-core/1.12/e7e24af928cb359d788350f514a04d881d06037a/jmh-core-1.12.jar(org/openjdk/jmh/annotations/Benchmark.class)]]
[loading ZipFileIndexFileObject[/home/fitialovks/.gradle/caches/modules-2/files-2.1/org.openjdk.jmh/jmh-core/1.12/e7e24af928cb359d788350f514a04d881d06037a/jmh-core-1.12.jar(org/openjdk/jmh/infra/Blackhole.class)]]
[loading ZipFileIndexFileObject[/home/fitialovks/.gradle/caches/modules-2/files-2.1/org.openjdk.jmh/jmh-core/1.12/e7e24af928cb359d788350f514a04d881d06037a/jmh-core-1.12.jar(org/openjdk/jmh/infra/BlackholeL4.class)]]
[loading ZipFileIndexFileObject[/home/fitialovks/.gradle/caches/modules-2/files-2.1/org.openjdk.jmh/jmh-core/1.12/e7e24af928cb359d788350f514a04d881d06037a/jmh-core-1.12.jar(org/openjdk/jmh/infra/BlackholeL3.class)]]
[loading ZipFileIndexFileObject[/home/fitialovks/.gradle/caches/modules-2/files-2.1/org.openjdk.jmh/jmh-core/1.12/e7e24af928cb359d788350f514a04d881d06037a/jmh-core-1.12.jar(org/openjdk/jmh/infra/BlackholeL2.class)]]
[loading ZipFileIndexFileObject[/home/fitialovks/.gradle/caches/modules-2/files-2.1/org.openjdk.jmh/jmh-core/1.12/e7e24af928cb359d788350f514a04d881d06037a/jmh-core-1.12.jar(org/openjdk/jmh/infra/BlackholeL1.class)]]
[loading ZipFileIndexFileObject[/home/fitialovks/.gradle/caches/modules-2/files-2.1/org.openjdk.jmh/jmh-core/1.12/e7e24af928cb359d788350f514a04d881d06037a/jmh-core-1.12.jar(org/openjdk/jmh/infra/BlackholeL0.class)]]
[loading ZipFileIndexFileObject[/usr/local/jdk1.8.0_92/lib/ct.sym(META-INF/sym/rt.jar/java/util/concurrent/atomic/AtomicIntegerFieldUpdater.class)]]
[loading ZipFileIndexFileObject[/usr/local/jdk1.8.0_92/lib/ct.sym(META-INF/sym/rt.jar/java/util/List.class)]]
[loading ZipFileIndexFileObject[/usr/local/jdk1.8.0_92/lib/ct.sym(META-INF/sym/rt.jar/java/util/concurrent/atomic/AtomicInteger.class)]]
[loading ZipFileIndexFileObject[/usr/local/jdk1.8.0_92/lib/ct.sym(META-INF/sym/rt.jar/java/util/Collection.class)]]
[loading ZipFileIndexFileObject[/usr/local/jdk1.8.0_92/lib/ct.sym(META-INF/sym/rt.jar/java/util/ArrayList.class)]]
[loading ZipFileIndexFileObject[/usr/local/jdk1.8.0_92/lib/ct.sym(META-INF/sym/rt.jar/java/util/concurrent/TimeUnit.class)]]
[loading ZipFileIndexFileObject[/home/fitialovks/.gradle/caches/modules-2/files-2.1/org.openjdk.jmh/jmh-core/1.12/e7e24af928cb359d788350f514a04d881d06037a/jmh-core-1.12.jar(org/openjdk/jmh/annotations/CompilerControl.class)]]
[loading ZipFileIndexFileObject[/home/fitialovks/.gradle/caches/modules-2/files-2.1/org.openjdk.jmh/jmh-core/1.12/e7e24af928cb359d788350f514a04d881d06037a/jmh-core-1.12.jar(org/openjdk/jmh/runner/InfraControl.class)]]
[loading ZipFileIndexFileObject[/home/fitialovks/.gradle/caches/modules-2/files-2.1/org.openjdk.jmh/jmh-core/1.12/e7e24af928cb359d788350f514a04d881d06037a/jmh-core-1.12.jar(org/openjdk/jmh/infra/ThreadParams.class)]]
[loading ZipFileIndexFileObject[/home/fitialovks/.gradle/caches/modules-2/files-2.1/org.openjdk.jmh/jmh-core/1.12/e7e24af928cb359d788350f514a04d881d06037a/jmh-core-1.12.jar(org/openjdk/jmh/results/BenchmarkTaskResult.class)]]
[loading ZipFileIndexFileObject[/home/fitialovks/.gradle/caches/modules-2/files-2.1/org.openjdk.jmh/jmh-core/1.12/e7e24af928cb359d788350f514a04d881d06037a/jmh-core-1.12.jar(org/openjdk/jmh/results/Result.class)]]
[loading ZipFileIndexFileObject[/home/fitialovks/.gradle/caches/modules-2/files-2.1/org.openjdk.jmh/jmh-core/1.12/e7e24af928cb359d788350f514a04d881d06037a/jmh-core-1.12.jar(org/openjdk/jmh/results/ThroughputResult.class)]]
[loading ZipFileIndexFileObject[/home/fitialovks/.gradle/caches/modules-2/files-2.1/org.openjdk.jmh/jmh-core/1.12/e7e24af928cb359d788350f514a04d881d06037a/jmh-core-1.12.jar(org/openjdk/jmh/results/AverageTimeResult.class)]]
[loading ZipFileIndexFileObject[/home/fitialovks/.gradle/caches/modules-2/files-2.1/org.openjdk.jmh/jmh-core/1.12/e7e24af928cb359d788350f514a04d881d06037a/jmh-core-1.12.jar(org/openjdk/jmh/results/SampleTimeResult.class)]]
[loading ZipFileIndexFileObject[/home/fitialovks/.gradle/caches/modules-2/files-2.1/org.openjdk.jmh/jmh-core/1.12/e7e24af928cb359d788350f514a04d881d06037a/jmh-core-1.12.jar(org/openjdk/jmh/results/SingleShotResult.class)]]
[loading ZipFileIndexFileObject[/home/fitialovks/.gradle/caches/modules-2/files-2.1/org.openjdk.jmh/jmh-core/1.12/e7e24af928cb359d788350f514a04d881d06037a/jmh-core-1.12.jar(org/openjdk/jmh/util/SampleBuffer.class)]]
[loading ZipFileIndexFileObject[/home/fitialovks/.gradle/caches/modules-2/files-2.1/org.openjdk.jmh/jmh-core/1.12/e7e24af928cb359d788350f514a04d881d06037a/jmh-core-1.12.jar(org/openjdk/jmh/annotations/Mode.class)]]
[loading ZipFileIndexFileObject[/home/fitialovks/.gradle/caches/modules-2/files-2.1/org.openjdk.jmh/jmh-core/1.12/e7e24af928cb359d788350f514a04d881d06037a/jmh-core-1.12.jar(org/openjdk/jmh/annotations/Fork.class)]]
[loading ZipFileIndexFileObject[/home/fitialovks/.gradle/caches/modules-2/files-2.1/org.openjdk.jmh/jmh-core/1.12/e7e24af928cb359d788350f514a04d881d06037a/jmh-core-1.12.jar(org/openjdk/jmh/annotations/Measurement.class)]]
[loading ZipFileIndexFileObject[/home/fitialovks/.gradle/caches/modules-2/files-2.1/org.openjdk.jmh/jmh-core/1.12/e7e24af928cb359d788350f514a04d881d06037a/jmh-core-1.12.jar(org/openjdk/jmh/annotations/Threads.class)]]
[loading ZipFileIndexFileObject[/home/fitialovks/.gradle/caches/modules-2/files-2.1/org.openjdk.jmh/jmh-core/1.12/e7e24af928cb359d788350f514a04d881d06037a/jmh-core-1.12.jar(org/openjdk/jmh/annotations/Warmup.class)]]
[loading ZipFileIndexFileObject[/home/fitialovks/.gradle/caches/modules-2/files-2.1/org.openjdk.jmh/jmh-core/1.12/e7e24af928cb359d788350f514a04d881d06037a/jmh-core-1.12.jar(org/openjdk/jmh/annotations/BenchmarkMode.class)]]
[loading ZipFileIndexFileObject[/home/fitialovks/.gradle/caches/modules-2/files-2.1/org.openjdk.jmh/jmh-core/1.12/e7e24af928cb359d788350f514a04d881d06037a/jmh-core-1.12.jar(org/openjdk/jmh/results/RawResults.class)]]
[loading ZipFileIndexFileObject[/home/fitialovks/.gradle/caches/modules-2/files-2.1/org.openjdk.jmh/jmh-core/1.12/e7e24af928cb359d788350f514a04d881d06037a/jmh-core-1.12.jar(org/openjdk/jmh/results/ResultRole.class)]]
[loading ZipFileIndexFileObject[/usr/local/jdk1.8.0_92/lib/ct.sym(META-INF/sym/rt.jar/java/lang/reflect/Field.class)]]
[loading ZipFileIndexFileObject[/home/fitialovks/.gradle/caches/modules-2/files-2.1/org.openjdk.jmh/jmh-core/1.12/e7e24af928cb359d788350f514a04d881d06037a/jmh-core-1.12.jar(org/openjdk/jmh/infra/BenchmarkParams.class)]]
[loading ZipFileIndexFileObject[/home/fitialovks/.gradle/caches/modules-2/files-2.1/org.openjdk.jmh/jmh-core/1.12/e7e24af928cb359d788350f514a04d881d06037a/jmh-core-1.12.jar(org/openjdk/jmh/infra/IterationParams.class)]]
[loading ZipFileIndexFileObject[/usr/local/jdk1.8.0_92/lib/ct.sym(META-INF/sym/rt.jar/java/lang/Throwable.class)]]
[loading ZipFileIndexFileObject[/usr/local/jdk1.8.0_92/lib/ct.sym(META-INF/sym/rt.jar/java/lang/annotation/Retention.class)]]
[loading ZipFileIndexFileObject[/usr/local/jdk1.8.0_92/lib/ct.sym(META-INF/sym/rt.jar/java/lang/annotation/RetentionPolicy.class)]]
[loading ZipFileIndexFileObject[/usr/local/jdk1.8.0_92/lib/ct.sym(META-INF/sym/rt.jar/java/lang/annotation/Target.class)]]
[loading ZipFileIndexFileObject[/usr/local/jdk1.8.0_92/lib/ct.sym(META-INF/sym/rt.jar/java/lang/annotation/ElementType.class)]]
[loading ZipFileIndexFileObject[/usr/local/jdk1.8.0_92/lib/ct.sym(META-INF/sym/rt.jar/java/lang/annotation/Annotation.class)]]
[loading ZipFileIndexFileObject[/usr/local/jdk1.8.0_92/lib/ct.sym(META-INF/sym/rt.jar/java/lang/Override.class)]]
[loading ZipFileIndexFileObject[/home/fitialovks/.gradle/caches/modules-2/files-2.1/org.openjdk.jmh/jmh-core/1.12/e7e24af928cb359d788350f514a04d881d06037a/jmh-core-1.12.jar(org/openjdk/jmh/annotations/State.class)]]
[loading ZipFileIndexFileObject[/home/fitialovks/.gradle/caches/modules-2/files-2.1/org.openjdk.jmh/jmh-core/1.12/e7e24af928cb359d788350f514a04d881d06037a/jmh-core-1.12.jar(org/openjdk/jmh/annotations/Scope.class)]]
[loading ZipFileIndexFileObject[/home/fitialovks/.gradle/caches/modules-2/files-2.1/org.openjdk.jmh/jmh-core/1.12/e7e24af928cb359d788350f514a04d881d06037a/jmh-core-1.12.jar(org/openjdk/jmh/annotations/Setup.class)]]
[loading ZipFileIndexFileObject[/home/fitialovks/.gradle/caches/modules-2/files-2.1/org.openjdk.jmh/jmh-core/1.12/e7e24af928cb359d788350f514a04d881d06037a/jmh-core-1.12.jar(org/openjdk/jmh/annotations/Level.class)]]
[loading ZipFileIndexFileObject[/home/fitialovks/.gradle/caches/modules-2/files-2.1/org.openjdk.jmh/jmh-core/1.12/e7e24af928cb359d788350f514a04d881d06037a/jmh-core-1.12.jar(org/openjdk/jmh/annotations/TearDown.class)]]
Round 3:
	input files: {}
	annotations: []
	last round: true
[search path for source files: /home/fitialovks/javac-annprocessor-bug/build/tmp/compileJava/emptySourcePathRef]
[search path for class files: /usr/local/jdk1.8.0_92/jre/lib/resources.jar,/usr/local/jdk1.8.0_92/jre/lib/rt.jar,/usr/local/jdk1.8.0_92/jre/lib/sunrsasign.jar,/usr/local/jdk1.8.0_92/jre/lib/jsse.jar,/usr/local/jdk1.8.0_92/jre/lib/jce.jar,/usr/local/jdk1.8.0_92/jre/lib/charsets.jar,/usr/local/jdk1.8.0_92/jre/lib/jfr.jar,/usr/local/jdk1.8.0_92/jre/classes,/usr/local/jdk1.8.0_92/jre/lib/ext/sunjce_provider.jar,/usr/local/jdk1.8.0_92/jre/lib/ext/localedata.jar,/usr/local/jdk1.8.0_92/jre/lib/ext/jaccess.jar,/usr/local/jdk1.8.0_92/jre/lib/ext/zipfs.jar,/usr/local/jdk1.8.0_92/jre/lib/ext/jfxrt.jar,/usr/local/jdk1.8.0_92/jre/lib/ext/nashorn.jar,/usr/local/jdk1.8.0_92/jre/lib/ext/sunpkcs11.jar,/usr/local/jdk1.8.0_92/jre/lib/ext/dnsns.jar,/usr/local/jdk1.8.0_92/jre/lib/ext/cldrdata.jar,/usr/local/jdk1.8.0_92/jre/lib/ext/sunec.jar,/home/fitialovks/.gradle/caches/modules-2/files-2.1/org.openjdk.jmh/jmh-core/1.12/e7e24af928cb359d788350f514a04d881d06037a/jmh-core-1.12.jar,/home/fitialovks/.gradle/caches/modules-2/files-2.1/org.openjdk.jmh/jmh-generator-annprocess/1.12/9ad5888fdd36dd4b12bce5883069d9d82562ab6c/jmh-generator-annprocess-1.12.jar,/home/fitialovks/.gradle/caches/modules-2/files-2.1/org.apache.logging.log4j/log4j-core/2.6.1/2b557bf1023c3a3a0f7f200fafcd7641b89cbb83/log4j-core-2.6.1.jar,/home/fitialovks/.gradle/caches/modules-2/files-2.1/net.sf.jopt-simple/jopt-simple/4.6/306816fb57cf94f108a43c95731b08934dcae15c/jopt-simple-4.6.jar,/home/fitialovks/.gradle/caches/modules-2/files-2.1/org.apache.commons/commons-math3/3.2/ec2544ab27e110d2d431bdad7d538ed509b21e62/commons-math3-3.2.jar,/home/fitialovks/.gradle/caches/modules-2/files-2.1/org.apache.logging.log4j/log4j-api/2.6.1/d2ad7ee0b0450204d720b4bc3f99b50e208bf51e/log4j-api-2.6.1.jar]
[loading ZipFileIndexFileObject[/home/fitialovks/.gradle/caches/modules-2/files-2.1/org.apache.logging.log4j/log4j-core/2.6.1/2b557bf1023c3a3a0f7f200fafcd7641b89cbb83/log4j-core-2.6.1.jar(org/apache/logging/log4j/core/LogEvent.class)]]
[loading ZipFileIndexFileObject[/home/fitialovks/.gradle/caches/modules-2/files-2.1/org.apache.logging.log4j/log4j-core/2.6.1/2b557bf1023c3a3a0f7f200fafcd7641b89cbb83/log4j-core-2.6.1.jar(org/apache/logging/log4j/core/config/plugins/Plugin.class)]]
[loading ZipFileIndexFileObject[/home/fitialovks/.gradle/caches/modules-2/files-2.1/org.apache.logging.log4j/log4j-core/2.6.1/2b557bf1023c3a3a0f7f200fafcd7641b89cbb83/log4j-core-2.6.1.jar(org/apache/logging/log4j/core/pattern/ConverterKeys.class)]]
[loading ZipFileIndexFileObject[/home/fitialovks/.gradle/caches/modules-2/files-2.1/org.apache.logging.log4j/log4j-core/2.6.1/2b557bf1023c3a3a0f7f200fafcd7641b89cbb83/log4j-core-2.6.1.jar(org/apache/logging/log4j/core/pattern/LogEventPatternConverter.class)]]
[loading ZipFileIndexFileObject[/home/fitialovks/.gradle/caches/modules-2/files-2.1/org.apache.logging.log4j/log4j-core/2.6.1/2b557bf1023c3a3a0f7f200fafcd7641b89cbb83/log4j-core-2.6.1.jar(org/apache/logging/log4j/core/pattern/PatternConverter.class)]]
[loading ZipFileIndexFileObject[/home/fitialovks/.gradle/caches/modules-2/files-2.1/org.apache.logging.log4j/log4j-core/2.6.1/2b557bf1023c3a3a0f7f200fafcd7641b89cbb83/log4j-core-2.6.1.jar(org/apache/logging/log4j/core/pattern/AbstractPatternConverter.class)]]
[loading ZipFileIndexFileObject[/usr/local/jdk1.8.0_92/lib/ct.sym(META-INF/sym/rt.jar/java/lang/Object.class)]]
[loading ZipFileIndexFileObject[/usr/local/jdk1.8.0_92/lib/ct.sym(META-INF/sym/rt.jar/java/lang/String.class)]]
[loading ZipFileIndexFileObject[/usr/local/jdk1.8.0_92/lib/ct.sym(META-INF/sym/rt.jar/java/lang/StringBuilder.class)]]
[loading ZipFileIndexFileObject[/home/fitialovks/.gradle/caches/modules-2/files-2.1/org.openjdk.jmh/jmh-core/1.12/e7e24af928cb359d788350f514a04d881d06037a/jmh-core-1.12.jar(org/openjdk/jmh/annotations/Benchmark.class)]]
[loading ZipFileIndexFileObject[/home/fitialovks/.gradle/caches/modules-2/files-2.1/org.openjdk.jmh/jmh-core/1.12/e7e24af928cb359d788350f514a04d881d06037a/jmh-core-1.12.jar(org/openjdk/jmh/infra/Blackhole.class)]]
[loading ZipFileIndexFileObject[/home/fitialovks/.gradle/caches/modules-2/files-2.1/org.openjdk.jmh/jmh-core/1.12/e7e24af928cb359d788350f514a04d881d06037a/jmh-core-1.12.jar(org/openjdk/jmh/infra/BlackholeL4.class)]]
[loading ZipFileIndexFileObject[/home/fitialovks/.gradle/caches/modules-2/files-2.1/org.openjdk.jmh/jmh-core/1.12/e7e24af928cb359d788350f514a04d881d06037a/jmh-core-1.12.jar(org/openjdk/jmh/infra/BlackholeL3.class)]]
[loading ZipFileIndexFileObject[/home/fitialovks/.gradle/caches/modules-2/files-2.1/org.openjdk.jmh/jmh-core/1.12/e7e24af928cb359d788350f514a04d881d06037a/jmh-core-1.12.jar(org/openjdk/jmh/infra/BlackholeL2.class)]]
[loading ZipFileIndexFileObject[/home/fitialovks/.gradle/caches/modules-2/files-2.1/org.openjdk.jmh/jmh-core/1.12/e7e24af928cb359d788350f514a04d881d06037a/jmh-core-1.12.jar(org/openjdk/jmh/infra/BlackholeL1.class)]]
[loading ZipFileIndexFileObject[/home/fitialovks/.gradle/caches/modules-2/files-2.1/org.openjdk.jmh/jmh-core/1.12/e7e24af928cb359d788350f514a04d881d06037a/jmh-core-1.12.jar(org/openjdk/jmh/infra/BlackholeL0.class)]]
[loading ZipFileIndexFileObject[/usr/local/jdk1.8.0_92/lib/ct.sym(META-INF/sym/rt.jar/java/util/concurrent/atomic/AtomicIntegerFieldUpdater.class)]]
[loading ZipFileIndexFileObject[/usr/local/jdk1.8.0_92/lib/ct.sym(META-INF/sym/rt.jar/java/util/List.class)]]
[loading ZipFileIndexFileObject[/usr/local/jdk1.8.0_92/lib/ct.sym(META-INF/sym/rt.jar/java/util/concurrent/atomic/AtomicInteger.class)]]
[loading ZipFileIndexFileObject[/usr/local/jdk1.8.0_92/lib/ct.sym(META-INF/sym/rt.jar/java/util/Collection.class)]]
[loading ZipFileIndexFileObject[/usr/local/jdk1.8.0_92/lib/ct.sym(META-INF/sym/rt.jar/java/util/ArrayList.class)]]
[loading ZipFileIndexFileObject[/usr/local/jdk1.8.0_92/lib/ct.sym(META-INF/sym/rt.jar/java/util/concurrent/TimeUnit.class)]]
[loading ZipFileIndexFileObject[/home/fitialovks/.gradle/caches/modules-2/files-2.1/org.openjdk.jmh/jmh-core/1.12/e7e24af928cb359d788350f514a04d881d06037a/jmh-core-1.12.jar(org/openjdk/jmh/annotations/CompilerControl.class)]]
[loading ZipFileIndexFileObject[/home/fitialovks/.gradle/caches/modules-2/files-2.1/org.openjdk.jmh/jmh-core/1.12/e7e24af928cb359d788350f514a04d881d06037a/jmh-core-1.12.jar(org/openjdk/jmh/runner/InfraControl.class)]]
[loading ZipFileIndexFileObject[/home/fitialovks/.gradle/caches/modules-2/files-2.1/org.openjdk.jmh/jmh-core/1.12/e7e24af928cb359d788350f514a04d881d06037a/jmh-core-1.12.jar(org/openjdk/jmh/infra/ThreadParams.class)]]
[loading ZipFileIndexFileObject[/home/fitialovks/.gradle/caches/modules-2/files-2.1/org.openjdk.jmh/jmh-core/1.12/e7e24af928cb359d788350f514a04d881d06037a/jmh-core-1.12.jar(org/openjdk/jmh/results/BenchmarkTaskResult.class)]]
[loading ZipFileIndexFileObject[/home/fitialovks/.gradle/caches/modules-2/files-2.1/org.openjdk.jmh/jmh-core/1.12/e7e24af928cb359d788350f514a04d881d06037a/jmh-core-1.12.jar(org/openjdk/jmh/results/Result.class)]]
[loading ZipFileIndexFileObject[/home/fitialovks/.gradle/caches/modules-2/files-2.1/org.openjdk.jmh/jmh-core/1.12/e7e24af928cb359d788350f514a04d881d06037a/jmh-core-1.12.jar(org/openjdk/jmh/results/ThroughputResult.class)]]
[loading ZipFileIndexFileObject[/home/fitialovks/.gradle/caches/modules-2/files-2.1/org.openjdk.jmh/jmh-core/1.12/e7e24af928cb359d788350f514a04d881d06037a/jmh-core-1.12.jar(org/openjdk/jmh/results/AverageTimeResult.class)]]
[loading ZipFileIndexFileObject[/home/fitialovks/.gradle/caches/modules-2/files-2.1/org.openjdk.jmh/jmh-core/1.12/e7e24af928cb359d788350f514a04d881d06037a/jmh-core-1.12.jar(org/openjdk/jmh/results/SampleTimeResult.class)]]
[loading ZipFileIndexFileObject[/home/fitialovks/.gradle/caches/modules-2/files-2.1/org.openjdk.jmh/jmh-core/1.12/e7e24af928cb359d788350f514a04d881d06037a/jmh-core-1.12.jar(org/openjdk/jmh/results/SingleShotResult.class)]]
[loading ZipFileIndexFileObject[/home/fitialovks/.gradle/caches/modules-2/files-2.1/org.openjdk.jmh/jmh-core/1.12/e7e24af928cb359d788350f514a04d881d06037a/jmh-core-1.12.jar(org/openjdk/jmh/util/SampleBuffer.class)]]
[loading ZipFileIndexFileObject[/home/fitialovks/.gradle/caches/modules-2/files-2.1/org.openjdk.jmh/jmh-core/1.12/e7e24af928cb359d788350f514a04d881d06037a/jmh-core-1.12.jar(org/openjdk/jmh/annotations/Mode.class)]]
[loading ZipFileIndexFileObject[/home/fitialovks/.gradle/caches/modules-2/files-2.1/org.openjdk.jmh/jmh-core/1.12/e7e24af928cb359d788350f514a04d881d06037a/jmh-core-1.12.jar(org/openjdk/jmh/annotations/Fork.class)]]
[loading ZipFileIndexFileObject[/home/fitialovks/.gradle/caches/modules-2/files-2.1/org.openjdk.jmh/jmh-core/1.12/e7e24af928cb359d788350f514a04d881d06037a/jmh-core-1.12.jar(org/openjdk/jmh/annotations/Measurement.class)]]
[loading ZipFileIndexFileObject[/home/fitialovks/.gradle/caches/modules-2/files-2.1/org.openjdk.jmh/jmh-core/1.12/e7e24af928cb359d788350f514a04d881d06037a/jmh-core-1.12.jar(org/openjdk/jmh/annotations/Threads.class)]]
[loading ZipFileIndexFileObject[/home/fitialovks/.gradle/caches/modules-2/files-2.1/org.openjdk.jmh/jmh-core/1.12/e7e24af928cb359d788350f514a04d881d06037a/jmh-core-1.12.jar(org/openjdk/jmh/annotations/Warmup.class)]]
[loading ZipFileIndexFileObject[/home/fitialovks/.gradle/caches/modules-2/files-2.1/org.openjdk.jmh/jmh-core/1.12/e7e24af928cb359d788350f514a04d881d06037a/jmh-core-1.12.jar(org/openjdk/jmh/annotations/BenchmarkMode.class)]]
[loading ZipFileIndexFileObject[/home/fitialovks/.gradle/caches/modules-2/files-2.1/org.openjdk.jmh/jmh-core/1.12/e7e24af928cb359d788350f514a04d881d06037a/jmh-core-1.12.jar(org/openjdk/jmh/results/RawResults.class)]]
[loading ZipFileIndexFileObject[/home/fitialovks/.gradle/caches/modules-2/files-2.1/org.openjdk.jmh/jmh-core/1.12/e7e24af928cb359d788350f514a04d881d06037a/jmh-core-1.12.jar(org/openjdk/jmh/results/ResultRole.class)]]
[loading ZipFileIndexFileObject[/usr/local/jdk1.8.0_92/lib/ct.sym(META-INF/sym/rt.jar/java/lang/reflect/Field.class)]]
[loading ZipFileIndexFileObject[/home/fitialovks/.gradle/caches/modules-2/files-2.1/org.openjdk.jmh/jmh-core/1.12/e7e24af928cb359d788350f514a04d881d06037a/jmh-core-1.12.jar(org/openjdk/jmh/infra/BenchmarkParams.class)]]
[loading ZipFileIndexFileObject[/home/fitialovks/.gradle/caches/modules-2/files-2.1/org.openjdk.jmh/jmh-core/1.12/e7e24af928cb359d788350f514a04d881d06037a/jmh-core-1.12.jar(org/openjdk/jmh/infra/IterationParams.class)]]
[loading ZipFileIndexFileObject[/usr/local/jdk1.8.0_92/lib/ct.sym(META-INF/sym/rt.jar/java/lang/Throwable.class)]]
[loading ZipFileIndexFileObject[/usr/local/jdk1.8.0_92/lib/ct.sym(META-INF/sym/rt.jar/java/lang/annotation/Retention.class)]]
[loading ZipFileIndexFileObject[/usr/local/jdk1.8.0_92/lib/ct.sym(META-INF/sym/rt.jar/java/lang/annotation/RetentionPolicy.class)]]
[loading ZipFileIndexFileObject[/usr/local/jdk1.8.0_92/lib/ct.sym(META-INF/sym/rt.jar/java/lang/annotation/Target.class)]]
[loading ZipFileIndexFileObject[/usr/local/jdk1.8.0_92/lib/ct.sym(META-INF/sym/rt.jar/java/lang/annotation/ElementType.class)]]
[loading ZipFileIndexFileObject[/usr/local/jdk1.8.0_92/lib/ct.sym(META-INF/sym/rt.jar/java/lang/annotation/Annotation.class)]]
[loading ZipFileIndexFileObject[/usr/local/jdk1.8.0_92/lib/ct.sym(META-INF/sym/rt.jar/java/lang/Override.class)]]
[loading ZipFileIndexFileObject[/home/fitialovks/.gradle/caches/modules-2/files-2.1/org.openjdk.jmh/jmh-core/1.12/e7e24af928cb359d788350f514a04d881d06037a/jmh-core-1.12.jar(org/openjdk/jmh/annotations/State.class)]]
[loading ZipFileIndexFileObject[/home/fitialovks/.gradle/caches/modules-2/files-2.1/org.openjdk.jmh/jmh-core/1.12/e7e24af928cb359d788350f514a04d881d06037a/jmh-core-1.12.jar(org/openjdk/jmh/annotations/Scope.class)]]
[loading ZipFileIndexFileObject[/home/fitialovks/.gradle/caches/modules-2/files-2.1/org.openjdk.jmh/jmh-core/1.12/e7e24af928cb359d788350f514a04d881d06037a/jmh-core-1.12.jar(org/openjdk/jmh/annotations/Setup.class)]]
[loading ZipFileIndexFileObject[/home/fitialovks/.gradle/caches/modules-2/files-2.1/org.openjdk.jmh/jmh-core/1.12/e7e24af928cb359d788350f514a04d881d06037a/jmh-core-1.12.jar(org/openjdk/jmh/annotations/Level.class)]]
[loading ZipFileIndexFileObject[/home/fitialovks/.gradle/caches/modules-2/files-2.1/org.openjdk.jmh/jmh-core/1.12/e7e24af928cb359d788350f514a04d881d06037a/jmh-core-1.12.jar(org/openjdk/jmh/annotations/TearDown.class)]]
[checking ru.yandex.javacannprocessorbug.SomeLoggerPatternConverter]
[loading ZipFileIndexFileObject[/usr/local/jdk1.8.0_92/lib/ct.sym(META-INF/sym/rt.jar/java/io/Serializable.class)]]
[loading ZipFileIndexFileObject[/usr/local/jdk1.8.0_92/lib/ct.sym(META-INF/sym/rt.jar/java/lang/AutoCloseable.class)]]
[loading ZipFileIndexFileObject[/usr/local/jdk1.8.0_92/lib/ct.sym(META-INF/sym/rt.jar/java/lang/Byte.class)]]
[loading ZipFileIndexFileObject[/usr/local/jdk1.8.0_92/lib/ct.sym(META-INF/sym/rt.jar/java/lang/Character.class)]]
[loading ZipFileIndexFileObject[/usr/local/jdk1.8.0_92/lib/ct.sym(META-INF/sym/rt.jar/java/lang/Short.class)]]
[loading ZipFileIndexFileObject[/usr/local/jdk1.8.0_92/lib/ct.sym(META-INF/sym/rt.jar/java/lang/Long.class)]]
[loading ZipFileIndexFileObject[/usr/local/jdk1.8.0_92/lib/ct.sym(META-INF/sym/rt.jar/java/lang/Float.class)]]
[loading ZipFileIndexFileObject[/usr/local/jdk1.8.0_92/lib/ct.sym(META-INF/sym/rt.jar/java/lang/Integer.class)]]
[loading ZipFileIndexFileObject[/usr/local/jdk1.8.0_92/lib/ct.sym(META-INF/sym/rt.jar/java/lang/Double.class)]]
[loading ZipFileIndexFileObject[/usr/local/jdk1.8.0_92/lib/ct.sym(META-INF/sym/rt.jar/java/lang/Boolean.class)]]
[loading ZipFileIndexFileObject[/usr/local/jdk1.8.0_92/lib/ct.sym(META-INF/sym/rt.jar/java/lang/Void.class)]]
[loading ZipFileIndexFileObject[/usr/local/jdk1.8.0_92/lib/ct.sym(META-INF/sym/rt.jar/java/lang/CharSequence.class)]]
[loading ZipFileIndexFileObject[/usr/local/jdk1.8.0_92/lib/ct.sym(META-INF/sym/rt.jar/java/lang/Comparable.class)]]
[loading ZipFileIndexFileObject[/usr/local/jdk1.8.0_92/lib/ct.sym(META-INF/sym/rt.jar/java/lang/AbstractStringBuilder.class)]]
[loading ZipFileIndexFileObject[/usr/local/jdk1.8.0_92/lib/ct.sym(META-INF/sym/rt.jar/java/lang/Appendable.class)]]
[loading ZipFileIndexFileObject[/usr/local/jdk1.8.0_92/lib/ct.sym(META-INF/sym/rt.jar/java/lang/StringBuffer.class)]]
[wrote RegularFileObject[/home/fitialovks/javac-annprocessor-bug/build/classes/main/ru/yandex/javacannprocessorbug/SomeLoggerPatternConverter.class]]
[checking ru.yandex.javacannprocessorbug.SomeBenchmark]
[loading ZipFileIndexFileObject[/usr/local/jdk1.8.0_92/lib/ct.sym(META-INF/sym/rt.jar/java/lang/Math.class)]]
[wrote RegularFileObject[/home/fitialovks/javac-annprocessor-bug/build/classes/main/ru/yandex/javacannprocessorbug/SomeBenchmark.class]]
[checking org.openjdk.jmh.infra.generated.Blackhole_jmhType_B1]
[wrote RegularFileObject[/home/fitialovks/javac-annprocessor-bug/build/classes/main/org/openjdk/jmh/infra/generated/Blackhole_jmhType_B1.class]]
[checking org.openjdk.jmh.infra.generated.Blackhole_jmhType_B2]
[loading ZipFileIndexFileObject[/usr/local/jdk1.8.0_92/lib/ct.sym(META-INF/sym/rt.jar/java/lang/Class.class)]]
[wrote RegularFileObject[/home/fitialovks/javac-annprocessor-bug/build/classes/main/org/openjdk/jmh/infra/generated/Blackhole_jmhType_B2.class]]
[checking org.openjdk.jmh.infra.generated.Blackhole_jmhType_B3]
[wrote RegularFileObject[/home/fitialovks/javac-annprocessor-bug/build/classes/main/org/openjdk/jmh/infra/generated/Blackhole_jmhType_B3.class]]
[checking org.openjdk.jmh.infra.generated.Blackhole_jmhType]
[wrote RegularFileObject[/home/fitialovks/javac-annprocessor-bug/build/classes/main/org/openjdk/jmh/infra/generated/Blackhole_jmhType.class]]
[checking ru.yandex.javacannprocessorbug.generated.SomeBenchmark_jmhType_B1]
[wrote RegularFileObject[/home/fitialovks/javac-annprocessor-bug/build/classes/main/ru/yandex/javacannprocessorbug/generated/SomeBenchmark_jmhType_B1.class]]
[checking ru.yandex.javacannprocessorbug.generated.SomeBenchmark_jmhType_B2]
[wrote RegularFileObject[/home/fitialovks/javac-annprocessor-bug/build/classes/main/ru/yandex/javacannprocessorbug/generated/SomeBenchmark_jmhType_B2.class]]
[checking ru.yandex.javacannprocessorbug.generated.SomeBenchmark_jmhType_B3]
[wrote RegularFileObject[/home/fitialovks/javac-annprocessor-bug/build/classes/main/ru/yandex/javacannprocessorbug/generated/SomeBenchmark_jmhType_B3.class]]
[checking ru.yandex.javacannprocessorbug.generated.SomeBenchmark_jmhType]
[wrote RegularFileObject[/home/fitialovks/javac-annprocessor-bug/build/classes/main/ru/yandex/javacannprocessorbug/generated/SomeBenchmark_jmhType.class]]
[checking ru.yandex.javacannprocessorbug.generated.SomeBenchmark_sqrt_jmhTest]
[loading ZipFileIndexFileObject[/home/fitialovks/.gradle/caches/modules-2/files-2.1/org.openjdk.jmh/jmh-core/1.12/e7e24af928cb359d788350f514a04d881d06037a/jmh-core-1.12.jar(org/openjdk/jmh/infra/ThreadParamsL4.class)]]
[loading ZipFileIndexFileObject[/home/fitialovks/.gradle/caches/modules-2/files-2.1/org.openjdk.jmh/jmh-core/1.12/e7e24af928cb359d788350f514a04d881d06037a/jmh-core-1.12.jar(org/openjdk/jmh/infra/ThreadParamsL3.class)]]
[loading ZipFileIndexFileObject[/home/fitialovks/.gradle/caches/modules-2/files-2.1/org.openjdk.jmh/jmh-core/1.12/e7e24af928cb359d788350f514a04d881d06037a/jmh-core-1.12.jar(org/openjdk/jmh/infra/ThreadParamsL2.class)]]
[loading ZipFileIndexFileObject[/home/fitialovks/.gradle/caches/modules-2/files-2.1/org.openjdk.jmh/jmh-core/1.12/e7e24af928cb359d788350f514a04d881d06037a/jmh-core-1.12.jar(org/openjdk/jmh/infra/ThreadParamsL1.class)]]
[loading ZipFileIndexFileObject[/home/fitialovks/.gradle/caches/modules-2/files-2.1/org.openjdk.jmh/jmh-core/1.12/e7e24af928cb359d788350f514a04d881d06037a/jmh-core-1.12.jar(org/openjdk/jmh/infra/ThreadParamsL0.class)]]
[loading ZipFileIndexFileObject[/home/fitialovks/.gradle/caches/modules-2/files-2.1/org.openjdk.jmh/jmh-core/1.12/e7e24af928cb359d788350f514a04d881d06037a/jmh-core-1.12.jar(org/openjdk/jmh/runner/InfraControlL4.class)]]
[loading ZipFileIndexFileObject[/home/fitialovks/.gradle/caches/modules-2/files-2.1/org.openjdk.jmh/jmh-core/1.12/e7e24af928cb359d788350f514a04d881d06037a/jmh-core-1.12.jar(org/openjdk/jmh/runner/InfraControlL3.class)]]
[loading ZipFileIndexFileObject[/home/fitialovks/.gradle/caches/modules-2/files-2.1/org.openjdk.jmh/jmh-core/1.12/e7e24af928cb359d788350f514a04d881d06037a/jmh-core-1.12.jar(org/openjdk/jmh/runner/InfraControlL2.class)]]
[loading ZipFileIndexFileObject[/home/fitialovks/.gradle/caches/modules-2/files-2.1/org.openjdk.jmh/jmh-core/1.12/e7e24af928cb359d788350f514a04d881d06037a/jmh-core-1.12.jar(org/openjdk/jmh/runner/InfraControlL1.class)]]
[loading ZipFileIndexFileObject[/home/fitialovks/.gradle/caches/modules-2/files-2.1/org.openjdk.jmh/jmh-core/1.12/e7e24af928cb359d788350f514a04d881d06037a/jmh-core-1.12.jar(org/openjdk/jmh/runner/InfraControlL0.class)]]
[loading ZipFileIndexFileObject[/usr/local/jdk1.8.0_92/lib/ct.sym(META-INF/sym/rt.jar/java/lang/InterruptedException.class)]]
[loading ZipFileIndexFileObject[/usr/local/jdk1.8.0_92/lib/ct.sym(META-INF/sym/rt.jar/java/lang/Exception.class)]]
[loading ZipFileIndexFileObject[/home/fitialovks/.gradle/caches/modules-2/files-2.1/org.openjdk.jmh/jmh-core/1.12/e7e24af928cb359d788350f514a04d881d06037a/jmh-core-1.12.jar(org/openjdk/jmh/infra/IterationParamsL4.class)]]
[loading ZipFileIndexFileObject[/home/fitialovks/.gradle/caches/modules-2/files-2.1/org.openjdk.jmh/jmh-core/1.12/e7e24af928cb359d788350f514a04d881d06037a/jmh-core-1.12.jar(org/openjdk/jmh/infra/IterationParamsL3.class)]]
[loading ZipFileIndexFileObject[/home/fitialovks/.gradle/caches/modules-2/files-2.1/org.openjdk.jmh/jmh-core/1.12/e7e24af928cb359d788350f514a04d881d06037a/jmh-core-1.12.jar(org/openjdk/jmh/infra/IterationParamsL2.class)]]
[loading ZipFileIndexFileObject[/home/fitialovks/.gradle/caches/modules-2/files-2.1/org.openjdk.jmh/jmh-core/1.12/e7e24af928cb359d788350f514a04d881d06037a/jmh-core-1.12.jar(org/openjdk/jmh/infra/IterationParamsL1.class)]]
[loading ZipFileIndexFileObject[/home/fitialovks/.gradle/caches/modules-2/files-2.1/org.openjdk.jmh/jmh-core/1.12/e7e24af928cb359d788350f514a04d881d06037a/jmh-core-1.12.jar(org/openjdk/jmh/infra/IterationParamsL0.class)]]
[loading ZipFileIndexFileObject[/home/fitialovks/.gradle/caches/modules-2/files-2.1/org.openjdk.jmh/jmh-core/1.12/e7e24af928cb359d788350f514a04d881d06037a/jmh-core-1.12.jar(org/openjdk/jmh/infra/BenchmarkParamsL4.class)]]
[loading ZipFileIndexFileObject[/home/fitialovks/.gradle/caches/modules-2/files-2.1/org.openjdk.jmh/jmh-core/1.12/e7e24af928cb359d788350f514a04d881d06037a/jmh-core-1.12.jar(org/openjdk/jmh/infra/BenchmarkParamsL3.class)]]
[loading ZipFileIndexFileObject[/home/fitialovks/.gradle/caches/modules-2/files-2.1/org.openjdk.jmh/jmh-core/1.12/e7e24af928cb359d788350f514a04d881d06037a/jmh-core-1.12.jar(org/openjdk/jmh/infra/BenchmarkParamsL2.class)]]
[loading ZipFileIndexFileObject[/home/fitialovks/.gradle/caches/modules-2/files-2.1/org.openjdk.jmh/jmh-core/1.12/e7e24af928cb359d788350f514a04d881d06037a/jmh-core-1.12.jar(org/openjdk/jmh/infra/BenchmarkParamsL1.class)]]
[loading ZipFileIndexFileObject[/home/fitialovks/.gradle/caches/modules-2/files-2.1/org.openjdk.jmh/jmh-core/1.12/e7e24af928cb359d788350f514a04d881d06037a/jmh-core-1.12.jar(org/openjdk/jmh/infra/BenchmarkParamsL0.class)]]
[loading ZipFileIndexFileObject[/usr/local/jdk1.8.0_92/lib/ct.sym(META-INF/sym/rt.jar/java/lang/Enum.class)]]
[loading ZipFileIndexFileObject[/home/fitialovks/.gradle/caches/modules-2/files-2.1/org.openjdk.jmh/jmh-core/1.12/e7e24af928cb359d788350f514a04d881d06037a/jmh-core-1.12.jar(org/openjdk/jmh/util/Statistics.class)]]
[loading ZipFileIndexFileObject[/usr/local/jdk1.8.0_92/lib/ct.sym(META-INF/sym/rt.jar/java/lang/IllegalStateException.class)]]
[loading ZipFileIndexFileObject[/usr/local/jdk1.8.0_92/lib/ct.sym(META-INF/sym/rt.jar/java/lang/RuntimeException.class)]]
[loading ZipFileIndexFileObject[/usr/local/jdk1.8.0_92/lib/ct.sym(META-INF/sym/rt.jar/java/lang/System.class)]]
[loading ZipFileIndexFileObject[/usr/local/jdk1.8.0_92/lib/ct.sym(META-INF/sym/rt.jar/java/lang/Error.class)]]
[wrote RegularFileObject[/home/fitialovks/javac-annprocessor-bug/build/classes/main/ru/yandex/javacannprocessorbug/generated/SomeBenchmark_sqrt_jmhTest.class]]
[total 858ms]

:processResources UP-TO-DATE
:classes
:jar
:assemble
:compileTestJava UP-TO-DATE
:processTestResources UP-TO-DATE
:testClasses UP-TO-DATE
:test UP-TO-DATE
:check UP-TO-DATE
:build

BUILD SUCCESSFUL

Total time: 4.75 secs

This build could be faster, please consider using the Gradle Daemon: https://docs.gradle.org/2.9/userguide/gradle_daemon.html
